  [1m[35m (105.9ms)[0m  [1m[35mCREATE DATABASE "backend_development" ENCODING = 'unicode' /*application='Backend'*/[0m
Started GET "/auth/google_oauth2" for 172.22.0.1 at 2025-06-01 13:56:41 +0000
  [1m[35m (3.9ms)[0m  [1m[35mCREATE TABLE "schema_migrations" ("version" character varying NOT NULL PRIMARY KEY) /*application='Backend'*/[0m
  [1m[35m (1.8ms)[0m  [1m[35mCREATE TABLE "ar_internal_metadata" ("key" character varying NOT NULL PRIMARY KEY, "value" character varying, "created_at" timestamp(6) NOT NULL, "updated_at" timestamp(6) NOT NULL) /*application='Backend'*/[0m
  [1m[36mActiveRecord::SchemaMigration Load (0.3ms)[0m  [1m[34mSELECT "schema_migrations"."version" FROM "schema_migrations" ORDER BY "schema_migrations"."version" ASC /*application='Backend'*/[0m
  
ActiveRecord::PendingMigrationError (

Migrations are pending. To resolve this issue, run:

        bin/rails db:migrate

You have 5 pending migrations:

db/migrate/20250601131907_create_books.rb
db/migrate/20250601131912_create_readings.rb
db/migrate/20250601131915_create_tags.rb
db/migrate/20250601131920_create_reading_tags.rb
db/migrate/20250601132229_create_users.rb


):
  
activerecord (8.0.2) lib/active_record/migration.rb:743:in 'ActiveRecord::Migration.check_pending_migrations'
activerecord (8.0.2) lib/active_record/migration.rb:660:in 'block (2 levels) in ActiveRecord::Migration::CheckPending#call'
activesupport (8.0.2) lib/active_support/file_update_checker.rb:85:in 'ActiveSupport::FileUpdateChecker#execute'
activerecord (8.0.2) lib/active_record/migration.rb:665:in 'block in ActiveRecord::Migration::CheckPending#call'
activerecord (8.0.2) lib/active_record/migration.rb:657:in 'Thread::Mutex#synchronize'
activerecord (8.0.2) lib/active_record/migration.rb:657:in 'ActiveRecord::Migration::CheckPending#call'
actionpack (8.0.2) lib/action_dispatch/middleware/callbacks.rb:31:in 'block in ActionDispatch::Callbacks#call'
activesupport (8.0.2) lib/active_support/callbacks.rb:100:in 'ActiveSupport::Callbacks#run_callbacks'
actionpack (8.0.2) lib/action_dispatch/middleware/callbacks.rb:30:in 'ActionDispatch::Callbacks#call'
actionpack (8.0.2) lib/action_dispatch/middleware/executor.rb:16:in 'ActionDispatch::Executor#call'
actionpack (8.0.2) lib/action_dispatch/middleware/actionable_exceptions.rb:18:in 'ActionDispatch::ActionableExceptions#call'
actionpack (8.0.2) lib/action_dispatch/middleware/debug_exceptions.rb:31:in 'ActionDispatch::DebugExceptions#call'
actionpack (8.0.2) lib/action_dispatch/middleware/show_exceptions.rb:32:in 'ActionDispatch::ShowExceptions#call'
railties (8.0.2) lib/rails/rack/logger.rb:41:in 'Rails::Rack::Logger#call_app'
railties (8.0.2) lib/rails/rack/logger.rb:29:in 'Rails::Rack::Logger#call'
actionpack (8.0.2) lib/action_dispatch/middleware/remote_ip.rb:96:in 'ActionDispatch::RemoteIp#call'
actionpack (8.0.2) lib/action_dispatch/middleware/request_id.rb:34:in 'ActionDispatch::RequestId#call'
rack (3.1.15) lib/rack/runtime.rb:24:in 'Rack::Runtime#call'
actionpack (8.0.2) lib/action_dispatch/middleware/server_timing.rb:61:in 'block in ActionDispatch::ServerTiming#call'
actionpack (8.0.2) lib/action_dispatch/middleware/server_timing.rb:26:in 'ActionDispatch::ServerTiming::Subscriber#collect_events'
actionpack (8.0.2) lib/action_dispatch/middleware/server_timing.rb:60:in 'ActionDispatch::ServerTiming#call'
actionpack (8.0.2) lib/action_dispatch/middleware/executor.rb:16:in 'ActionDispatch::Executor#call'
actionpack (8.0.2) lib/action_dispatch/middleware/static.rb:27:in 'ActionDispatch::Static#call'
rack (3.1.15) lib/rack/sendfile.rb:114:in 'Rack::Sendfile#call'
actionpack (8.0.2) lib/action_dispatch/middleware/host_authorization.rb:143:in 'ActionDispatch::HostAuthorization#call'
rack-cors (3.0.0) lib/rack/cors.rb:102:in 'Rack::Cors#call'
railties (8.0.2) lib/rails/engine.rb:535:in 'Rails::Engine#call'
puma (6.6.0) lib/puma/configuration.rb:279:in 'Puma::Configuration::ConfigMiddleware#call'
puma (6.6.0) lib/puma/request.rb:99:in 'block in Puma::Request#handle_request'
puma (6.6.0) lib/puma/thread_pool.rb:390:in 'Puma::ThreadPool#with_force_shutdown'
puma (6.6.0) lib/puma/request.rb:98:in 'Puma::Request#handle_request'
puma (6.6.0) lib/puma/server.rb:472:in 'Puma::Server#process_client'
puma (6.6.0) lib/puma/server.rb:254:in 'block in Puma::Server#run'
puma (6.6.0) lib/puma/thread_pool.rb:167:in 'block in Puma::ThreadPool#spawn_thread'
Started GET "/favicon.ico" for 172.22.0.1 at 2025-06-01 13:56:42 +0000
  [1m[36mActiveRecord::SchemaMigration Load (0.3ms)[0m  [1m[34mSELECT "schema_migrations"."version" FROM "schema_migrations" ORDER BY "schema_migrations"."version" ASC /*application='Backend'*/[0m
  
ActiveRecord::PendingMigrationError (

Migrations are pending. To resolve this issue, run:

        bin/rails db:migrate

You have 5 pending migrations:

db/migrate/20250601131907_create_books.rb
db/migrate/20250601131912_create_readings.rb
db/migrate/20250601131915_create_tags.rb
db/migrate/20250601131920_create_reading_tags.rb
db/migrate/20250601132229_create_users.rb


):
  
activerecord (8.0.2) lib/active_record/migration.rb:743:in 'ActiveRecord::Migration.check_pending_migrations'
activerecord (8.0.2) lib/active_record/migration.rb:660:in 'block (2 levels) in ActiveRecord::Migration::CheckPending#call'
activesupport (8.0.2) lib/active_support/file_update_checker.rb:85:in 'ActiveSupport::FileUpdateChecker#execute'
activerecord (8.0.2) lib/active_record/migration.rb:665:in 'block in ActiveRecord::Migration::CheckPending#call'
activerecord (8.0.2) lib/active_record/migration.rb:657:in 'Thread::Mutex#synchronize'
activerecord (8.0.2) lib/active_record/migration.rb:657:in 'ActiveRecord::Migration::CheckPending#call'
actionpack (8.0.2) lib/action_dispatch/middleware/callbacks.rb:31:in 'block in ActionDispatch::Callbacks#call'
activesupport (8.0.2) lib/active_support/callbacks.rb:100:in 'ActiveSupport::Callbacks#run_callbacks'
actionpack (8.0.2) lib/action_dispatch/middleware/callbacks.rb:30:in 'ActionDispatch::Callbacks#call'
actionpack (8.0.2) lib/action_dispatch/middleware/executor.rb:16:in 'ActionDispatch::Executor#call'
actionpack (8.0.2) lib/action_dispatch/middleware/actionable_exceptions.rb:18:in 'ActionDispatch::ActionableExceptions#call'
actionpack (8.0.2) lib/action_dispatch/middleware/debug_exceptions.rb:31:in 'ActionDispatch::DebugExceptions#call'
actionpack (8.0.2) lib/action_dispatch/middleware/show_exceptions.rb:32:in 'ActionDispatch::ShowExceptions#call'
railties (8.0.2) lib/rails/rack/logger.rb:41:in 'Rails::Rack::Logger#call_app'
railties (8.0.2) lib/rails/rack/logger.rb:29:in 'Rails::Rack::Logger#call'
actionpack (8.0.2) lib/action_dispatch/middleware/remote_ip.rb:96:in 'ActionDispatch::RemoteIp#call'
actionpack (8.0.2) lib/action_dispatch/middleware/request_id.rb:34:in 'ActionDispatch::RequestId#call'
rack (3.1.15) lib/rack/runtime.rb:24:in 'Rack::Runtime#call'
actionpack (8.0.2) lib/action_dispatch/middleware/server_timing.rb:61:in 'block in ActionDispatch::ServerTiming#call'
actionpack (8.0.2) lib/action_dispatch/middleware/server_timing.rb:26:in 'ActionDispatch::ServerTiming::Subscriber#collect_events'
actionpack (8.0.2) lib/action_dispatch/middleware/server_timing.rb:60:in 'ActionDispatch::ServerTiming#call'
actionpack (8.0.2) lib/action_dispatch/middleware/executor.rb:16:in 'ActionDispatch::Executor#call'
actionpack (8.0.2) lib/action_dispatch/middleware/static.rb:27:in 'ActionDispatch::Static#call'
rack (3.1.15) lib/rack/sendfile.rb:114:in 'Rack::Sendfile#call'
actionpack (8.0.2) lib/action_dispatch/middleware/host_authorization.rb:143:in 'ActionDispatch::HostAuthorization#call'
rack-cors (3.0.0) lib/rack/cors.rb:102:in 'Rack::Cors#call'
railties (8.0.2) lib/rails/engine.rb:535:in 'Rails::Engine#call'
puma (6.6.0) lib/puma/configuration.rb:279:in 'Puma::Configuration::ConfigMiddleware#call'
puma (6.6.0) lib/puma/request.rb:99:in 'block in Puma::Request#handle_request'
puma (6.6.0) lib/puma/thread_pool.rb:390:in 'Puma::ThreadPool#with_force_shutdown'
puma (6.6.0) lib/puma/request.rb:98:in 'Puma::Request#handle_request'
puma (6.6.0) lib/puma/server.rb:472:in 'Puma::Server#process_client'
puma (6.6.0) lib/puma/server.rb:254:in 'block in Puma::Server#run'
puma (6.6.0) lib/puma/thread_pool.rb:167:in 'block in Puma::ThreadPool#spawn_thread'
  [1m[35mSQL (0.1ms)[0m  [1m[35mSET search_path TO public /*application='Backend'*/[0m
  [1m[35m (23.3ms)[0m  [1m[35mCREATE DATABASE "readfolio_development" ENCODING = 'unicode' /*application='Backend'*/[0m
  [1m[35m (0.1ms)[0m  [1m[34mSELECT pg_try_advisory_lock(2877947968542400110) /*application='Backend'*/[0m
  [1m[36mActiveRecord::SchemaMigration Load (0.2ms)[0m  [1m[34mSELECT "schema_migrations"."version" FROM "schema_migrations" ORDER BY "schema_migrations"."version" ASC /*application='Backend'*/[0m
  [1m[36mActiveRecord::InternalMetadata Load (0.4ms)[0m  [1m[34mSELECT * FROM "ar_internal_metadata" WHERE "ar_internal_metadata"."key" = 'environment' ORDER BY "ar_internal_metadata"."key" ASC LIMIT 1 /*application='Backend'*/[0m
  [1m[36mActiveRecord::InternalMetadata Create (0.5ms)[0m  [1m[32mINSERT INTO "ar_internal_metadata" ("key", "value", "created_at", "updated_at") VALUES ('environment', 'development', '2025-06-01 13:57:04.915487', '2025-06-01 13:57:04.915489') RETURNING "key" /*application='Backend'*/[0m
Migrating to CreateBooks (20250601131907)
  [1m[36mTRANSACTION (0.3ms)[0m  [1m[35mBEGIN /*application='Backend'*/[0m
  [1m[35m (1.6ms)[0m  [1m[35mCREATE TABLE "books" ("id" bigserial primary key, "title" character varying, "author" character varying, "isbn" character varying, "description" text, "cover_image_url" character varying, "published_date" date, "publisher" character varying, "page_count" integer, "created_at" timestamp(6) NOT NULL, "updated_at" timestamp(6) NOT NULL) /*application='Backend'*/[0m
  [1m[36mActiveRecord::SchemaMigration Create (0.9ms)[0m  [1m[32mINSERT INTO "schema_migrations" ("version") VALUES ('20250601131907') RETURNING "version" /*application='Backend'*/[0m
  [1m[36mTRANSACTION (0.4ms)[0m  [1m[35mCOMMIT /*application='Backend'*/[0m
Migrating to CreateReadings (20250601131912)
  [1m[36mTRANSACTION (0.1ms)[0m  [1m[35mBEGIN /*application='Backend'*/[0m
  [1m[35m (2.3ms)[0m  [1m[35mCREATE TABLE "readings" ("id" bigserial primary key, "user_id" bigint NOT NULL, "book_id" bigint NOT NULL, "status" integer, "started_at" timestamp(6), "finished_at" timestamp(6), "rating" integer, "notes" text, "created_at" timestamp(6) NOT NULL, "updated_at" timestamp(6) NOT NULL, CONSTRAINT "fk_rails_22f92bfeac"
FOREIGN KEY ("user_id")
  REFERENCES "users" ("id")
, CONSTRAINT "fk_rails_48146515b1"
FOREIGN KEY ("book_id")
  REFERENCES "books" ("id")
) /*application='Backend'*/[0m
  [1m[36mTRANSACTION (0.2ms)[0m  [1m[31mROLLBACK /*application='Backend'*/[0m
  [1m[35m (0.1ms)[0m  [1m[34mSELECT pg_advisory_unlock(2877947968542400110) /*application='Backend'*/[0m
  [1m[36mActiveRecord::SchemaMigration Load (0.4ms)[0m  [1m[34mSELECT "schema_migrations"."version" FROM "schema_migrations" ORDER BY "schema_migrations"."version" ASC /*application='Backend'*/[0m
  [1m[36mActiveRecord::InternalMetadata Load (0.3ms)[0m  [1m[34mSELECT * FROM "ar_internal_metadata" WHERE "ar_internal_metadata"."key" = 'environment' ORDER BY "ar_internal_metadata"."key" ASC LIMIT 1 /*application='Backend'*/[0m
  [1m[36mActiveRecord::SchemaMigration Load (0.1ms)[0m  [1m[34mSELECT "schema_migrations"."version" FROM "schema_migrations" ORDER BY "schema_migrations"."version" ASC /*application='Backend'*/[0m
  [1m[36mActiveRecord::InternalMetadata Load (0.1ms)[0m  [1m[34mSELECT * FROM "ar_internal_metadata" WHERE "ar_internal_metadata"."key" = 'environment' ORDER BY "ar_internal_metadata"."key" ASC LIMIT 1 /*application='Backend'*/[0m
  [1m[36mActiveRecord::SchemaMigration Load (0.2ms)[0m  [1m[34mSELECT "schema_migrations"."version" FROM "schema_migrations" ORDER BY "schema_migrations"."version" ASC /*application='Backend'*/[0m
  [1m[36mActiveRecord::InternalMetadata Load (0.1ms)[0m  [1m[34mSELECT * FROM "ar_internal_metadata" WHERE "ar_internal_metadata"."key" = 'environment' ORDER BY "ar_internal_metadata"."key" ASC LIMIT 1 /*application='Backend'*/[0m
  [1m[35mSQL (0.0ms)[0m  [1m[35mSET search_path TO public /*application='Backend'*/[0m
  [1m[35m (26.8ms)[0m  [1m[35mDROP DATABASE IF EXISTS "readfolio_development" /*application='Backend'*/[0m
  [1m[35mSQL (0.9ms)[0m  [1m[35mSET search_path TO public /*application='Backend'*/[0m
  [1m[35m (63.0ms)[0m  [1m[35mCREATE DATABASE "readfolio_development" ENCODING = 'unicode' /*application='Backend'*/[0m
  [1m[35m (1.9ms)[0m  [1m[35mCREATE TABLE "schema_migrations" ("version" character varying NOT NULL PRIMARY KEY) /*application='Backend'*/[0m
  [1m[35m (1.1ms)[0m  [1m[35mCREATE TABLE "ar_internal_metadata" ("key" character varying NOT NULL PRIMARY KEY, "value" character varying, "created_at" timestamp(6) NOT NULL, "updated_at" timestamp(6) NOT NULL) /*application='Backend'*/[0m
  [1m[35m (0.1ms)[0m  [1m[34mSELECT pg_try_advisory_lock(2877947968542400110) /*application='Backend'*/[0m
  [1m[36mActiveRecord::SchemaMigration Load (0.2ms)[0m  [1m[34mSELECT "schema_migrations"."version" FROM "schema_migrations" ORDER BY "schema_migrations"."version" ASC /*application='Backend'*/[0m
  [1m[36mActiveRecord::InternalMetadata Load (0.2ms)[0m  [1m[34mSELECT * FROM "ar_internal_metadata" WHERE "ar_internal_metadata"."key" = 'environment' ORDER BY "ar_internal_metadata"."key" ASC LIMIT 1 /*application='Backend'*/[0m
  [1m[36mActiveRecord::InternalMetadata Create (0.3ms)[0m  [1m[32mINSERT INTO "ar_internal_metadata" ("key", "value", "created_at", "updated_at") VALUES ('environment', 'development', '2025-06-01 13:57:54.526246', '2025-06-01 13:57:54.526269') RETURNING "key" /*application='Backend'*/[0m
Migrating to CreateUsers (20250601131900)
  [1m[36mTRANSACTION (0.1ms)[0m  [1m[35mBEGIN /*application='Backend'*/[0m
  [1m[35m (2.3ms)[0m  [1m[35mCREATE TABLE "users" ("id" bigserial primary key, "email" character varying NOT NULL, "name" character varying NOT NULL, "google_id" character varying NOT NULL, "avatar_url" character varying, "created_at" timestamp(6) NOT NULL, "updated_at" timestamp(6) NOT NULL) /*application='Backend'*/[0m
  [1m[35m (0.4ms)[0m  [1m[35mCREATE UNIQUE INDEX "index_users_on_email" ON "users" ("email") /*application='Backend'*/[0m
  [1m[35m (0.2ms)[0m  [1m[35mCREATE UNIQUE INDEX "index_users_on_google_id" ON "users" ("google_id") /*application='Backend'*/[0m
  [1m[36mActiveRecord::SchemaMigration Create (0.2ms)[0m  [1m[32mINSERT INTO "schema_migrations" ("version") VALUES ('20250601131900') RETURNING "version" /*application='Backend'*/[0m
  [1m[36mTRANSACTION (0.3ms)[0m  [1m[35mCOMMIT /*application='Backend'*/[0m
Migrating to CreateBooks (20250601131907)
  [1m[36mTRANSACTION (0.1ms)[0m  [1m[35mBEGIN /*application='Backend'*/[0m
  [1m[35m (2.7ms)[0m  [1m[35mCREATE TABLE "books" ("id" bigserial primary key, "title" character varying, "author" character varying, "isbn" character varying, "description" text, "cover_image_url" character varying, "published_date" date, "publisher" character varying, "page_count" integer, "created_at" timestamp(6) NOT NULL, "updated_at" timestamp(6) NOT NULL) /*application='Backend'*/[0m
  [1m[36mActiveRecord::SchemaMigration Create (0.2ms)[0m  [1m[32mINSERT INTO "schema_migrations" ("version") VALUES ('20250601131907') RETURNING "version" /*application='Backend'*/[0m
  [1m[36mTRANSACTION (0.3ms)[0m  [1m[35mCOMMIT /*application='Backend'*/[0m
Migrating to CreateReadings (20250601131912)
  [1m[36mTRANSACTION (0.2ms)[0m  [1m[35mBEGIN /*application='Backend'*/[0m
  [1m[35m (4.1ms)[0m  [1m[35mCREATE TABLE "readings" ("id" bigserial primary key, "user_id" bigint NOT NULL, "book_id" bigint NOT NULL, "status" integer, "started_at" timestamp(6), "finished_at" timestamp(6), "rating" integer, "notes" text, "created_at" timestamp(6) NOT NULL, "updated_at" timestamp(6) NOT NULL, CONSTRAINT "fk_rails_22f92bfeac"
FOREIGN KEY ("user_id")
  REFERENCES "users" ("id")
, CONSTRAINT "fk_rails_48146515b1"
FOREIGN KEY ("book_id")
  REFERENCES "books" ("id")
) /*application='Backend'*/[0m
  [1m[35m (0.6ms)[0m  [1m[35mCREATE INDEX "index_readings_on_user_id" ON "readings" ("user_id") /*application='Backend'*/[0m
  [1m[35m (0.5ms)[0m  [1m[35mCREATE INDEX "index_readings_on_book_id" ON "readings" ("book_id") /*application='Backend'*/[0m
  [1m[36mActiveRecord::SchemaMigration Create (0.2ms)[0m  [1m[32mINSERT INTO "schema_migrations" ("version") VALUES ('20250601131912') RETURNING "version" /*application='Backend'*/[0m
  [1m[36mTRANSACTION (0.6ms)[0m  [1m[35mCOMMIT /*application='Backend'*/[0m
Migrating to CreateTags (20250601131915)
  [1m[36mTRANSACTION (0.1ms)[0m  [1m[35mBEGIN /*application='Backend'*/[0m
  [1m[35m (1.5ms)[0m  [1m[35mCREATE TABLE "tags" ("id" bigserial primary key, "name" character varying, "color" character varying, "created_at" timestamp(6) NOT NULL, "updated_at" timestamp(6) NOT NULL) /*application='Backend'*/[0m
  [1m[36mActiveRecord::SchemaMigration Create (0.1ms)[0m  [1m[32mINSERT INTO "schema_migrations" ("version") VALUES ('20250601131915') RETURNING "version" /*application='Backend'*/[0m
  [1m[36mTRANSACTION (0.4ms)[0m  [1m[35mCOMMIT /*application='Backend'*/[0m
Migrating to CreateReadingTags (20250601131920)
  [1m[36mTRANSACTION (0.2ms)[0m  [1m[35mBEGIN /*application='Backend'*/[0m
  [1m[35m (2.9ms)[0m  [1m[35mCREATE TABLE "reading_tags" ("id" bigserial primary key, "reading_id" bigint NOT NULL, "tag_id" bigint NOT NULL, "created_at" timestamp(6) NOT NULL, "updated_at" timestamp(6) NOT NULL, CONSTRAINT "fk_rails_c159af73e4"
FOREIGN KEY ("reading_id")
  REFERENCES "readings" ("id")
, CONSTRAINT "fk_rails_2bcc9765f9"
FOREIGN KEY ("tag_id")
  REFERENCES "tags" ("id")
) /*application='Backend'*/[0m
  [1m[35m (0.3ms)[0m  [1m[35mCREATE INDEX "index_reading_tags_on_reading_id" ON "reading_tags" ("reading_id") /*application='Backend'*/[0m
  [1m[35m (0.3ms)[0m  [1m[35mCREATE INDEX "index_reading_tags_on_tag_id" ON "reading_tags" ("tag_id") /*application='Backend'*/[0m
  [1m[36mActiveRecord::SchemaMigration Create (0.2ms)[0m  [1m[32mINSERT INTO "schema_migrations" ("version") VALUES ('20250601131920') RETURNING "version" /*application='Backend'*/[0m
  [1m[36mTRANSACTION (0.6ms)[0m  [1m[35mCOMMIT /*application='Backend'*/[0m
  [1m[35m (0.1ms)[0m  [1m[34mSELECT pg_advisory_unlock(2877947968542400110) /*application='Backend'*/[0m
  [1m[36mActiveRecord::SchemaMigration Load (0.1ms)[0m  [1m[34mSELECT "schema_migrations"."version" FROM "schema_migrations" ORDER BY "schema_migrations"."version" ASC /*application='Backend'*/[0m
Started GET "/auth/google_oauth2" for 172.22.0.1 at 2025-06-01 13:59:25 +0000
  [1m[36mActiveRecord::SchemaMigration Load (0.4ms)[0m  [1m[34mSELECT "schema_migrations"."version" FROM "schema_migrations" ORDER BY "schema_migrations"."version" ASC /*application='Backend'*/[0m
  
ActionController::RoutingError (No route matches [GET] "/auth/google_oauth2"):
  
Started GET "/favicon.ico" for 172.22.0.1 at 2025-06-01 13:59:25 +0000
  
ActionController::RoutingError (No route matches [GET] "/favicon.ico"):
  
Started HEAD "/auth/google_oauth2" for 172.22.0.1 at 2025-06-01 14:01:23 +0000
  [1m[36mActiveRecord::SchemaMigration Load (0.5ms)[0m  [1m[34mSELECT "schema_migrations"."version" FROM "schema_migrations" ORDER BY "schema_migrations"."version" ASC /*application='Backend'*/[0m
  
OmniAuth::NoSessionError (You must provide a session to use OmniAuth.):
  
omniauth (2.1.3) lib/omniauth/strategy.rb:180:in 'OmniAuth::Strategy#call!'
omniauth (2.1.3) lib/omniauth/strategy.rb:169:in 'OmniAuth::Strategy#call'
omniauth (2.1.3) lib/omniauth/builder.rb:44:in 'OmniAuth::Builder#call'
rack (3.1.15) lib/rack/etag.rb:29:in 'Rack::ETag#call'
rack (3.1.15) lib/rack/conditional_get.rb:31:in 'Rack::ConditionalGet#call'
rack (3.1.15) lib/rack/head.rb:15:in 'Rack::Head#call'
activerecord (8.0.2) lib/active_record/migration.rb:671:in 'ActiveRecord::Migration::CheckPending#call'
actionpack (8.0.2) lib/action_dispatch/middleware/callbacks.rb:31:in 'block in ActionDispatch::Callbacks#call'
activesupport (8.0.2) lib/active_support/callbacks.rb:100:in 'ActiveSupport::Callbacks#run_callbacks'
actionpack (8.0.2) lib/action_dispatch/middleware/callbacks.rb:30:in 'ActionDispatch::Callbacks#call'
actionpack (8.0.2) lib/action_dispatch/middleware/executor.rb:16:in 'ActionDispatch::Executor#call'
actionpack (8.0.2) lib/action_dispatch/middleware/actionable_exceptions.rb:18:in 'ActionDispatch::ActionableExceptions#call'
actionpack (8.0.2) lib/action_dispatch/middleware/debug_exceptions.rb:31:in 'ActionDispatch::DebugExceptions#call'
actionpack (8.0.2) lib/action_dispatch/middleware/show_exceptions.rb:32:in 'ActionDispatch::ShowExceptions#call'
railties (8.0.2) lib/rails/rack/logger.rb:41:in 'Rails::Rack::Logger#call_app'
railties (8.0.2) lib/rails/rack/logger.rb:29:in 'Rails::Rack::Logger#call'
actionpack (8.0.2) lib/action_dispatch/middleware/remote_ip.rb:96:in 'ActionDispatch::RemoteIp#call'
actionpack (8.0.2) lib/action_dispatch/middleware/request_id.rb:34:in 'ActionDispatch::RequestId#call'
rack (3.1.15) lib/rack/runtime.rb:24:in 'Rack::Runtime#call'
actionpack (8.0.2) lib/action_dispatch/middleware/server_timing.rb:61:in 'block in ActionDispatch::ServerTiming#call'
actionpack (8.0.2) lib/action_dispatch/middleware/server_timing.rb:26:in 'ActionDispatch::ServerTiming::Subscriber#collect_events'
actionpack (8.0.2) lib/action_dispatch/middleware/server_timing.rb:60:in 'ActionDispatch::ServerTiming#call'
actionpack (8.0.2) lib/action_dispatch/middleware/executor.rb:16:in 'ActionDispatch::Executor#call'
actionpack (8.0.2) lib/action_dispatch/middleware/static.rb:27:in 'ActionDispatch::Static#call'
rack (3.1.15) lib/rack/sendfile.rb:114:in 'Rack::Sendfile#call'
actionpack (8.0.2) lib/action_dispatch/middleware/host_authorization.rb:143:in 'ActionDispatch::HostAuthorization#call'
rack-cors (3.0.0) lib/rack/cors.rb:102:in 'Rack::Cors#call'
railties (8.0.2) lib/rails/engine.rb:535:in 'Rails::Engine#call'
puma (6.6.0) lib/puma/configuration.rb:279:in 'Puma::Configuration::ConfigMiddleware#call'
puma (6.6.0) lib/puma/request.rb:99:in 'block in Puma::Request#handle_request'
puma (6.6.0) lib/puma/thread_pool.rb:390:in 'Puma::ThreadPool#with_force_shutdown'
puma (6.6.0) lib/puma/request.rb:98:in 'Puma::Request#handle_request'
puma (6.6.0) lib/puma/server.rb:472:in 'Puma::Server#process_client'
puma (6.6.0) lib/puma/server.rb:254:in 'block in Puma::Server#run'
puma (6.6.0) lib/puma/thread_pool.rb:167:in 'block in Puma::ThreadPool#spawn_thread'
Started GET "/auth/google_oauth2" for 172.22.0.1 at 2025-06-01 14:01:35 +0000
  
OmniAuth::NoSessionError (You must provide a session to use OmniAuth.):
  
omniauth (2.1.3) lib/omniauth/strategy.rb:180:in 'OmniAuth::Strategy#call!'
omniauth (2.1.3) lib/omniauth/strategy.rb:169:in 'OmniAuth::Strategy#call'
omniauth (2.1.3) lib/omniauth/builder.rb:44:in 'OmniAuth::Builder#call'
rack (3.1.15) lib/rack/etag.rb:29:in 'Rack::ETag#call'
rack (3.1.15) lib/rack/conditional_get.rb:31:in 'Rack::ConditionalGet#call'
rack (3.1.15) lib/rack/head.rb:15:in 'Rack::Head#call'
activerecord (8.0.2) lib/active_record/migration.rb:671:in 'ActiveRecord::Migration::CheckPending#call'
actionpack (8.0.2) lib/action_dispatch/middleware/callbacks.rb:31:in 'block in ActionDispatch::Callbacks#call'
activesupport (8.0.2) lib/active_support/callbacks.rb:100:in 'ActiveSupport::Callbacks#run_callbacks'
actionpack (8.0.2) lib/action_dispatch/middleware/callbacks.rb:30:in 'ActionDispatch::Callbacks#call'
actionpack (8.0.2) lib/action_dispatch/middleware/executor.rb:16:in 'ActionDispatch::Executor#call'
actionpack (8.0.2) lib/action_dispatch/middleware/actionable_exceptions.rb:18:in 'ActionDispatch::ActionableExceptions#call'
actionpack (8.0.2) lib/action_dispatch/middleware/debug_exceptions.rb:31:in 'ActionDispatch::DebugExceptions#call'
actionpack (8.0.2) lib/action_dispatch/middleware/show_exceptions.rb:32:in 'ActionDispatch::ShowExceptions#call'
railties (8.0.2) lib/rails/rack/logger.rb:41:in 'Rails::Rack::Logger#call_app'
railties (8.0.2) lib/rails/rack/logger.rb:29:in 'Rails::Rack::Logger#call'
actionpack (8.0.2) lib/action_dispatch/middleware/remote_ip.rb:96:in 'ActionDispatch::RemoteIp#call'
actionpack (8.0.2) lib/action_dispatch/middleware/request_id.rb:34:in 'ActionDispatch::RequestId#call'
rack (3.1.15) lib/rack/runtime.rb:24:in 'Rack::Runtime#call'
actionpack (8.0.2) lib/action_dispatch/middleware/server_timing.rb:61:in 'block in ActionDispatch::ServerTiming#call'
actionpack (8.0.2) lib/action_dispatch/middleware/server_timing.rb:26:in 'ActionDispatch::ServerTiming::Subscriber#collect_events'
actionpack (8.0.2) lib/action_dispatch/middleware/server_timing.rb:60:in 'ActionDispatch::ServerTiming#call'
actionpack (8.0.2) lib/action_dispatch/middleware/executor.rb:16:in 'ActionDispatch::Executor#call'
actionpack (8.0.2) lib/action_dispatch/middleware/static.rb:27:in 'ActionDispatch::Static#call'
rack (3.1.15) lib/rack/sendfile.rb:114:in 'Rack::Sendfile#call'
actionpack (8.0.2) lib/action_dispatch/middleware/host_authorization.rb:143:in 'ActionDispatch::HostAuthorization#call'
rack-cors (3.0.0) lib/rack/cors.rb:102:in 'Rack::Cors#call'
railties (8.0.2) lib/rails/engine.rb:535:in 'Rails::Engine#call'
puma (6.6.0) lib/puma/configuration.rb:279:in 'Puma::Configuration::ConfigMiddleware#call'
puma (6.6.0) lib/puma/request.rb:99:in 'block in Puma::Request#handle_request'
puma (6.6.0) lib/puma/thread_pool.rb:390:in 'Puma::ThreadPool#with_force_shutdown'
puma (6.6.0) lib/puma/request.rb:98:in 'Puma::Request#handle_request'
puma (6.6.0) lib/puma/server.rb:472:in 'Puma::Server#process_client'
puma (6.6.0) lib/puma/server.rb:254:in 'block in Puma::Server#run'
puma (6.6.0) lib/puma/thread_pool.rb:167:in 'block in Puma::ThreadPool#spawn_thread'
Started HEAD "/auth/google_oauth2" for 172.22.0.1 at 2025-06-01 14:02:10 +0000
  [1m[36mActiveRecord::SchemaMigration Load (0.7ms)[0m  [1m[34mSELECT "schema_migrations"."version" FROM "schema_migrations" ORDER BY "schema_migrations"."version" ASC /*application='Backend'*/[0m
  
ActionController::RoutingError (No route matches [HEAD] "/auth/google_oauth2"):
  
Started HEAD "/auth/google_oauth2" for 172.22.0.1 at 2025-06-01 14:03:16 +0000
  [1m[36mActiveRecord::SchemaMigration Load (0.7ms)[0m  [1m[34mSELECT "schema_migrations"."version" FROM "schema_migrations" ORDER BY "schema_migrations"."version" ASC /*application='Backend'*/[0m
  
ActionController::RoutingError (No route matches [HEAD] "/auth/google_oauth2"):
  
Started GET "/auth/google_oauth2" for 172.22.0.1 at 2025-06-01 14:04:13 +0000
  [1m[36mActiveRecord::SchemaMigration Load (0.7ms)[0m  [1m[34mSELECT "schema_migrations"."version" FROM "schema_migrations" ORDER BY "schema_migrations"."version" ASC /*application='Backend'*/[0m
Started GET "/auth/google_oauth2" for 172.22.0.1 at 2025-06-01 14:04:31 +0000
Started GET "/auth/google_oauth2" for 172.22.0.1 at 2025-06-01 14:05:50 +0000
Started GET "/auth/google_oauth2" for 172.22.0.1 at 2025-06-01 14:06:07 +0000
  [1m[36mActiveRecord::SchemaMigration Load (0.5ms)[0m  [1m[34mSELECT "schema_migrations"."version" FROM "schema_migrations" ORDER BY "schema_migrations"."version" ASC /*application='Backend'*/[0m
[dotenv] Set [36mGOOGLE_CLIENT_ID[0m and [36mGOOGLE_CLIENT_SECRET[0m
[dotenv] Loaded [33m.env[0m
Started GET "/auth/google_oauth2" for 172.22.0.1 at 2025-06-01 14:10:52 +0000
[dotenv] Set [36mGOOGLE_CLIENT_ID[0m and [36mGOOGLE_CLIENT_SECRET[0m
[dotenv] Loaded [33m.env[0m
[dotenv] Set [36mGOOGLE_CLIENT_ID[0m and [36mGOOGLE_CLIENT_SECRET[0m
[dotenv] Loaded [33m.env[0m
Started HEAD "/auth/google_oauth2" for 172.22.0.1 at 2025-06-01 14:11:51 +0000
  
ActionController::RoutingError (No route matches [HEAD] "/auth/google_oauth2"):
  
[dotenv] Set [36mGOOGLE_CLIENT_ID[0m and [36mGOOGLE_CLIENT_SECRET[0m
[dotenv] Loaded [33m.env[0m
[dotenv] Set [36mGOOGLE_CLIENT_ID[0m and [36mGOOGLE_CLIENT_SECRET[0m
[dotenv] Loaded [33m.env[0m
[dotenv] Set [36mGOOGLE_CLIENT_ID[0m and [36mGOOGLE_CLIENT_SECRET[0m
[dotenv] Loaded [33m.env[0m
Started GET "/auth/google_oauth2" for 172.22.0.1 at 2025-06-01 14:13:13 +0000
Started GET "/auth/google_oauth2" for 172.22.0.1 at 2025-06-01 14:13:52 +0000
Started GET "/auth/google_oauth2" for 172.22.0.1 at 2025-06-01 14:14:26 +0000
[dotenv] Loaded [33m.env[0m
Started GET "/auth/google_oauth2" for 172.22.0.1 at 2025-06-01 14:15:05 +0000
  [1m[36mActiveRecord::SchemaMigration Load (0.5ms)[0m  [1m[34mSELECT "schema_migrations"."version" FROM "schema_migrations" ORDER BY "schema_migrations"."version" ASC /*application='Backend'*/[0m
[dotenv] Loaded [33m.env[0m
Started GET "/auth/google_oauth2" for 172.22.0.1 at 2025-06-01 14:16:32 +0000
  [1m[36mActiveRecord::SchemaMigration Load (0.7ms)[0m  [1m[34mSELECT "schema_migrations"."version" FROM "schema_migrations" ORDER BY "schema_migrations"."version" ASC /*application='Backend'*/[0m
Started GET "/auth/google_oauth2/callback?state=832800d240ec59723465d2802dc6d6b322dc6c3a6fc91946&code=4%2F0AUJR-x4tknDJF-EQwq6ZciAZwU2JFEGPVvNolnztuBPCJEQKs5hi59Vfxd7o8fElaohtrg&scope=email+profile+https%3A%2F%2Fwww.googleapis.com%2Fauth%2Fuserinfo.profile+https%3A%2F%2Fwww.googleapis.com%2Fauth%2Fuserinfo.email+openid&authuser=0&prompt=consent" for 172.22.0.1 at 2025-06-01 14:16:37 +0000
Processing by Api::V1::AuthController#google_oauth2 as HTML
  Parameters: {"state" => "832800d240ec59723465d2802dc6d6b322dc6c3a6fc91946", "code" => "4/0AUJR-x4tknDJF-EQwq6ZciAZwU2JFEGPVvNolnztuBPCJEQKs5hi59Vfxd7o8fElaohtrg", "scope" => "email profile https://www.googleapis.com/auth/userinfo.profile https://www.googleapis.com/auth/userinfo.email openid", "authuser" => "0", "prompt" => "consent", "provider" => "google_oauth2"}
Completed 500 Internal Server Error in 6ms (ActiveRecord: 0.0ms (0 queries, 0 cached) | GC: 0.0ms)


  
NameError (uninitialized constant ApplicationRecord):
  
app/models/user.rb:1:in '<main>'
app/controllers/api/v1/auth_controller.rb:5:in 'Api::V1::AuthController#google_oauth2'
Started GET "/auth/google_oauth2" for 172.22.0.1 at 2025-06-01 14:16:57 +0000
Started GET "/auth/google_oauth2/callback?state=c392742566d908b1d7c1f0f4b4a7e4076364640b2d02ec9e&code=4%2F0AUJR-x7PHiahEo5hbqFRAI3Ar72kw6yELCJ32LQSbe3i23FY3egiQ33v3SiQtAhF4b0lqA&scope=email+profile+https%3A%2F%2Fwww.googleapis.com%2Fauth%2Fuserinfo.email+https%3A%2F%2Fwww.googleapis.com%2Fauth%2Fuserinfo.profile+openid&authuser=0&prompt=none" for 172.22.0.1 at 2025-06-01 14:17:01 +0000
Processing by Api::V1::AuthController#google_oauth2 as HTML
  Parameters: {"state" => "c392742566d908b1d7c1f0f4b4a7e4076364640b2d02ec9e", "code" => "4/0AUJR-x7PHiahEo5hbqFRAI3Ar72kw6yELCJ32LQSbe3i23FY3egiQ33v3SiQtAhF4b0lqA", "scope" => "email profile https://www.googleapis.com/auth/userinfo.email https://www.googleapis.com/auth/userinfo.profile openid", "authuser" => "0", "prompt" => "none", "provider" => "google_oauth2"}
Completed 500 Internal Server Error in 4ms (ActiveRecord: 0.0ms (0 queries, 0 cached) | GC: 0.0ms)


  
NameError (uninitialized constant ApplicationRecord):
  
app/models/user.rb:1:in '<main>'
app/controllers/api/v1/auth_controller.rb:5:in 'Api::V1::AuthController#google_oauth2'
[dotenv] Loaded [33m.env[0m
Started HEAD "/auth/google_oauth2" for 172.22.0.1 at 2025-06-01 14:17:32 +0000
  [1m[36mActiveRecord::SchemaMigration Load (0.3ms)[0m  [1m[34mSELECT "schema_migrations"."version" FROM "schema_migrations" ORDER BY "schema_migrations"."version" ASC /*application='Backend'*/[0m
  
ActionController::RoutingError (No route matches [HEAD] "/auth/google_oauth2"):
  
[dotenv] Loaded [33m.env[0m
[dotenv] Loaded [33m.env[0m
[dotenv] Loaded [33m.env[0m
Started HEAD "/auth/google_oauth2" for 172.22.0.1 at 2025-06-01 14:18:08 +0000
  [1m[36mActiveRecord::SchemaMigration Load (0.4ms)[0m  [1m[34mSELECT "schema_migrations"."version" FROM "schema_migrations" ORDER BY "schema_migrations"."version" ASC /*application='Backend'*/[0m
  
ActionController::RoutingError (No route matches [HEAD] "/auth/google_oauth2"):
  
Started GET "/auth/google_oauth2" for 172.22.0.1 at 2025-06-01 14:18:40 +0000
Started GET "/auth/google_oauth2/callback?state=bf99175a8b6bc65f34893d715f5e6779d5e65baed054b8a1&code=4%2F0AUJR-x4Sn9rIlx1GaHG0AhBUI8r_nfumW9OBdh4emeAVVHQyRTwj1qZ-bHzwsiMDgUZKaA&scope=email+profile+https%3A%2F%2Fwww.googleapis.com%2Fauth%2Fuserinfo.profile+openid+https%3A%2F%2Fwww.googleapis.com%2Fauth%2Fuserinfo.email&authuser=0&prompt=none" for 172.22.0.1 at 2025-06-01 14:18:42 +0000
Processing by Api::V1::AuthController#google_oauth2 as HTML
  Parameters: {"state" => "bf99175a8b6bc65f34893d715f5e6779d5e65baed054b8a1", "code" => "4/0AUJR-x4Sn9rIlx1GaHG0AhBUI8r_nfumW9OBdh4emeAVVHQyRTwj1qZ-bHzwsiMDgUZKaA", "scope" => "email profile https://www.googleapis.com/auth/userinfo.profile openid https://www.googleapis.com/auth/userinfo.email", "authuser" => "0", "prompt" => "none", "provider" => "google_oauth2"}
  [1m[36mUser Load (0.5ms)[0m  [1m[34mSELECT "users".* FROM "users" WHERE "users"."google_id" = '101321913305372993002' ORDER BY "users"."id" ASC LIMIT 1 /*action='google_oauth2',application='Backend',controller='auth'*/[0m
  â†³ app/models/user.rb:7:in 'User.from_omniauth'
  [1m[36mTRANSACTION (0.1ms)[0m  [1m[35mBEGIN /*action='google_oauth2',application='Backend',controller='auth'*/[0m
  â†³ app/models/user.rb:7:in 'User.from_omniauth'
  [1m[36mUser Exists? (1.1ms)[0m  [1m[34mSELECT 1 AS one FROM "users" WHERE "users"."email" = 'j.kaneko.tech@gmail.com' LIMIT 1 /*action='google_oauth2',application='Backend',controller='auth'*/[0m
  â†³ app/models/user.rb:7:in 'User.from_omniauth'
  [1m[36mUser Exists? (0.1ms)[0m  [1m[34mSELECT 1 AS one FROM "users" WHERE "users"."google_id" = '101321913305372993002' LIMIT 1 /*action='google_oauth2',application='Backend',controller='auth'*/[0m
  â†³ app/models/user.rb:7:in 'User.from_omniauth'
  [1m[36mUser Create (0.5ms)[0m  [1m[32mINSERT INTO "users" ("email", "name", "google_id", "avatar_url", "created_at", "updated_at") VALUES ('j.kaneko.tech@gmail.com', 'é‡‘å­ç´”æ¨¹', '101321913305372993002', 'https://lh3.googleusercontent.com/a/ACg8ocJ1QTMxa2CmzLArtrjQukmN8f7t6R4vXh1jqVRZxUSYsc7dJA=s50-c', '2025-06-01 14:18:43.425272', '2025-06-01 14:18:43.425272') RETURNING "id" /*action='google_oauth2',application='Backend',controller='auth'*/[0m
  â†³ app/models/user.rb:7:in 'User.from_omniauth'
  [1m[36mTRANSACTION (0.8ms)[0m  [1m[35mCOMMIT /*action='google_oauth2',application='Backend',controller='auth'*/[0m
  â†³ app/models/user.rb:7:in 'User.from_omniauth'
Redirected to http://localhost:5173/auth/callback?token=[FILTERED]
Completed 302 Found in 143ms (ActiveRecord: 11.7ms (4 queries, 0 cached) | GC: 0.0ms)


Started GET "/api/v1/auth/me" for 172.22.0.1 at 2025-06-01 14:18:43 +0000
Processing by Api::V1::AuthController#me as */*
  Parameters: {"auth" => {}}
  [1m[36mUser Load (0.8ms)[0m  [1m[34mSELECT "users".* FROM "users" WHERE "users"."id" = 1 LIMIT 1 /*action='me',application='Backend',controller='auth'*/[0m
  â†³ app/controllers/application_controller.rb:14:in 'ApplicationController#authenticate_request'
Completed 200 OK in 4ms (Views: 0.2ms | ActiveRecord: 0.5ms (1 query, 0 cached) | GC: 0.0ms)


Started GET "/api/v1/auth/me" for 172.22.0.1 at 2025-06-01 14:18:43 +0000
Processing by Api::V1::AuthController#me as */*
  Parameters: {"auth" => {}}
  [1m[36mUser Load (0.3ms)[0m  [1m[34mSELECT "users".* FROM "users" WHERE "users"."id" = 1 LIMIT 1 /*action='me',application='Backend',controller='auth'*/[0m
  â†³ app/controllers/application_controller.rb:14:in 'ApplicationController#authenticate_request'
Completed 200 OK in 2ms (Views: 0.1ms | ActiveRecord: 0.3ms (1 query, 0 cached) | GC: 0.0ms)


Started GET "/api/v1/auth/me" for 172.22.0.1 at 2025-06-01 14:21:59 +0000
Processing by Api::V1::AuthController#me as */*
  Parameters: {"auth" => {}}
  [1m[36mUser Load (2.6ms)[0m  [1m[34mSELECT "users".* FROM "users" WHERE "users"."id" = 1 LIMIT 1 /*action='me',application='Backend',controller='auth'*/[0m
  â†³ app/controllers/application_controller.rb:14:in 'ApplicationController#authenticate_request'
Completed 200 OK in 12ms (Views: 0.5ms | ActiveRecord: 2.5ms (1 query, 0 cached) | GC: 0.0ms)


Started GET "/api/v1/auth/me" for 172.22.0.1 at 2025-06-01 14:21:59 +0000
Processing by Api::V1::AuthController#me as */*
  Parameters: {"auth" => {}}
  [1m[36mUser Load (0.3ms)[0m  [1m[34mSELECT "users".* FROM "users" WHERE "users"."id" = 1 LIMIT 1 /*action='me',application='Backend',controller='auth'*/[0m
  â†³ app/controllers/application_controller.rb:14:in 'ApplicationController#authenticate_request'
Completed 200 OK in 2ms (Views: 0.1ms | ActiveRecord: 0.3ms (1 query, 0 cached) | GC: 0.0ms)


Started GET "/api/v1/auth/me" for 172.22.0.1 at 2025-06-01 14:23:16 +0000
Processing by Api::V1::AuthController#me as */*
  Parameters: {"auth" => {}}
  [1m[36mUser Load (0.4ms)[0m  [1m[34mSELECT "users".* FROM "users" WHERE "users"."id" = 1 LIMIT 1 /*action='me',application='Backend',controller='auth'*/[0m
  â†³ app/controllers/application_controller.rb:14:in 'ApplicationController#authenticate_request'
Completed 200 OK in 2ms (Views: 0.1ms | ActiveRecord: 0.4ms (1 query, 0 cached) | GC: 0.0ms)


Started GET "/api/v1/auth/me" for 172.22.0.1 at 2025-06-01 14:23:16 +0000
Processing by Api::V1::AuthController#me as */*
  Parameters: {"auth" => {}}
  [1m[36mUser Load (0.2ms)[0m  [1m[34mSELECT "users".* FROM "users" WHERE "users"."id" = 1 LIMIT 1 /*action='me',application='Backend',controller='auth'*/[0m
  â†³ app/controllers/application_controller.rb:14:in 'ApplicationController#authenticate_request'
Completed 200 OK in 1ms (Views: 0.1ms | ActiveRecord: 0.2ms (1 query, 0 cached) | GC: 0.0ms)


Started GET "/api/v1/auth/me" for 172.22.0.1 at 2025-06-01 14:24:46 +0000
Processing by Api::V1::AuthController#me as */*
  Parameters: {"auth" => {}}
  [1m[36mUser Load (2.8ms)[0m  [1m[34mSELECT "users".* FROM "users" WHERE "users"."id" = 1 LIMIT 1 /*action='me',application='Backend',controller='auth'*/[0m
  â†³ app/controllers/application_controller.rb:14:in 'ApplicationController#authenticate_request'
Completed 200 OK in 12ms (Views: 1.0ms | ActiveRecord: 2.7ms (1 query, 0 cached) | GC: 0.0ms)


Started GET "/api/v1/auth/me" for 172.22.0.1 at 2025-06-01 14:24:46 +0000
Processing by Api::V1::AuthController#me as */*
  Parameters: {"auth" => {}}
  [1m[36mUser Load (1.1ms)[0m  [1m[34mSELECT "users".* FROM "users" WHERE "users"."id" = 1 LIMIT 1 /*action='me',application='Backend',controller='auth'*/[0m
  â†³ app/controllers/application_controller.rb:14:in 'ApplicationController#authenticate_request'
Completed 200 OK in 4ms (Views: 0.3ms | ActiveRecord: 1.0ms (1 query, 0 cached) | GC: 0.0ms)


Started GET "/api/v1/auth/me" for 172.22.0.1 at 2025-06-01 14:24:53 +0000
Started GET "/api/v1/auth/me" for 172.22.0.1 at 2025-06-01 14:24:53 +0000
Processing by Api::V1::AuthController#me as */*
  Parameters: {"auth" => {}}
  [1m[36mUser Load (0.9ms)[0m  [1m[34mSELECT "users".* FROM "users" WHERE "users"."id" = 1 LIMIT 1 /*action='me',application='Backend',controller='auth'*/[0m
  â†³ app/controllers/application_controller.rb:14:in 'ApplicationController#authenticate_request'
Completed 200 OK in 3ms (Views: 0.1ms | ActiveRecord: 0.9ms (1 query, 0 cached) | GC: 0.0ms)


Processing by Api::V1::AuthController#me as */*
  Parameters: {"auth" => {}}
  [1m[36mUser Load (0.3ms)[0m  [1m[34mSELECT "users".* FROM "users" WHERE "users"."id" = 1 LIMIT 1 /*action='me',application='Backend',controller='auth'*/[0m
  â†³ app/controllers/application_controller.rb:14:in 'ApplicationController#authenticate_request'
Completed 200 OK in 2ms (Views: 0.1ms | ActiveRecord: 0.3ms (1 query, 0 cached) | GC: 0.0ms)


Started GET "/api/v1/auth/me" for 172.22.0.1 at 2025-06-01 14:24:58 +0000
Started GET "/api/v1/auth/me" for 172.22.0.1 at 2025-06-01 14:24:58 +0000
Processing by Api::V1::AuthController#me as */*
  Parameters: {"auth" => {}}
  [1m[36mUser Load (0.4ms)[0m  [1m[34mSELECT "users".* FROM "users" WHERE "users"."id" = 1 LIMIT 1 /*action='me',application='Backend',controller='auth'*/[0m
  â†³ app/controllers/application_controller.rb:14:in 'ApplicationController#authenticate_request'
Completed 200 OK in 4ms (Views: 0.1ms | ActiveRecord: 0.4ms (1 query, 0 cached) | GC: 0.0ms)


Processing by Api::V1::AuthController#me as */*
  Parameters: {"auth" => {}}
  [1m[36mUser Load (0.4ms)[0m  [1m[34mSELECT "users".* FROM "users" WHERE "users"."id" = 1 LIMIT 1 /*action='me',application='Backend',controller='auth'*/[0m
  â†³ app/controllers/application_controller.rb:14:in 'ApplicationController#authenticate_request'
Completed 200 OK in 1ms (Views: 0.1ms | ActiveRecord: 0.4ms (1 query, 0 cached) | GC: 0.0ms)


Started GET "/api/v1/auth/me" for 172.22.0.1 at 2025-06-01 14:25:48 +0000
Processing by Api::V1::AuthController#me as */*
  Parameters: {"auth" => {}}
  [1m[36mUser Load (0.4ms)[0m  [1m[34mSELECT "users".* FROM "users" WHERE "users"."id" = 1 LIMIT 1 /*action='me',application='Backend',controller='auth'*/[0m
  â†³ app/controllers/application_controller.rb:14:in 'ApplicationController#authenticate_request'
Completed 200 OK in 2ms (Views: 0.1ms | ActiveRecord: 0.4ms (1 query, 0 cached) | GC: 0.0ms)


Started GET "/api/v1/auth/me" for 172.22.0.1 at 2025-06-01 14:25:48 +0000
Processing by Api::V1::AuthController#me as */*
  Parameters: {"auth" => {}}
  [1m[36mUser Load (0.2ms)[0m  [1m[34mSELECT "users".* FROM "users" WHERE "users"."id" = 1 LIMIT 1 /*action='me',application='Backend',controller='auth'*/[0m
  â†³ app/controllers/application_controller.rb:14:in 'ApplicationController#authenticate_request'
Completed 200 OK in 2ms (Views: 0.1ms | ActiveRecord: 0.2ms (1 query, 0 cached) | GC: 0.0ms)


Started GET "/api/v1/auth/me" for 172.22.0.1 at 2025-06-01 14:26:58 +0000
Processing by Api::V1::AuthController#me as */*
  Parameters: {"auth" => {}}
  [1m[36mUser Load (3.1ms)[0m  [1m[34mSELECT "users".* FROM "users" WHERE "users"."id" = 1 LIMIT 1 /*action='me',application='Backend',controller='auth'*/[0m
  â†³ app/controllers/application_controller.rb:14:in 'ApplicationController#authenticate_request'
Completed 200 OK in 53ms (Views: 0.7ms | ActiveRecord: 3.0ms (1 query, 0 cached) | GC: 0.0ms)


Started GET "/api/v1/auth/me" for 172.22.0.1 at 2025-06-01 14:26:58 +0000
Processing by Api::V1::AuthController#me as */*
  Parameters: {"auth" => {}}
  [1m[36mUser Load (0.3ms)[0m  [1m[34mSELECT "users".* FROM "users" WHERE "users"."id" = 1 LIMIT 1 /*action='me',application='Backend',controller='auth'*/[0m
  â†³ app/controllers/application_controller.rb:14:in 'ApplicationController#authenticate_request'
Completed 200 OK in 3ms (Views: 0.1ms | ActiveRecord: 0.3ms (1 query, 0 cached) | GC: 0.0ms)


